<?xml version="1.0" encoding="UTF-8"?>
<testsuite name="com.ps.wiremock.wiremock.WiremockApplicationTests" tests="1" skipped="0" failures="0" errors="0" timestamp="2025-02-14T06:27:23" hostname="EPINPUNW0820" time="0.441">
  <properties/>
  <testcase name="contextLoads()" classname="com.ps.wiremock.wiremock.WiremockApplicationTests" time="0.441"/>
  <system-out><![CDATA[11:57:22.876 [Test worker] INFO org.springframework.test.context.support.AnnotationConfigContextLoaderUtils -- Could not detect default configuration classes for test class [com.ps.wiremock.wiremock.WiremockApplicationTests]: WiremockApplicationTests does not declare any static, non-private, non-final, nested classes annotated with @Configuration.
11:57:22.927 [Test worker] INFO org.springframework.boot.test.context.SpringBootTestContextBootstrapper -- Found @SpringBootConfiguration com.ps.wiremock.wiremock.WiremockApplication for test class com.ps.wiremock.wiremock.WiremockApplicationTests

  .   ____          _            __ _ _
 /\\ / ___'_ __ _ _(_)_ __  __ _ \ \ \ \
( ( )\___ | '_ | '_| | '_ \/ _` | \ \ \ \
 \\/  ___)| |_)| | | | | || (_| |  ) ) ) )
  '  |____| .__|_| |_|_| |_\__, | / / / /
 =========|_|==============|___/=/_/_/_/

 :: Spring Boot ::                (v3.4.2)

2025-02-14T11:57:23.109+05:30  INFO 9696 --- [wiremock] [    Test worker] c.p.w.wiremock.WiremockApplicationTests  : Starting WiremockApplicationTests using Java 23.0.2 with PID 9696 (started by pushpendra_saraswat in /Users/pushpendra_saraswat/Documents/microservices/wiremock)
2025-02-14T11:57:23.109+05:30  INFO 9696 --- [wiremock] [    Test worker] c.p.w.wiremock.WiremockApplicationTests  : No active profile set, falling back to 1 default profile: "default"
2025-02-14T11:57:23.663+05:30  INFO 9696 --- [wiremock] [    Test worker] c.p.w.wiremock.WiremockApplicationTests  : Started WiremockApplicationTests in 0.675 seconds (process running for 1.204)
]]></system-out>
  <system-err><![CDATA[Mockito is currently self-attaching to enable the inline-mock-maker. This will no longer work in future releases of the JDK. Please add Mockito as an agent to your build what is described in Mockito's documentation: https://javadoc.io/doc/org.mockito/mockito-core/latest/org/mockito/Mockito.html#0.3
WARNING: A Java agent has been loaded dynamically (/Users/pushpendra_saraswat/.gradle/caches/modules-2/files-2.1/net.bytebuddy/byte-buddy-agent/1.15.11/a38b16385e867f59a641330f0362ebe742788ed8/byte-buddy-agent-1.15.11.jar)
WARNING: If a serviceability tool is in use, please run with -XX:+EnableDynamicAgentLoading to hide this warning
WARNING: If a serviceability tool is not in use, please run with -Djdk.instrument.traceUsage for more information
WARNING: Dynamic loading of agents will be disallowed by default in a future release
]]></system-err>
</testsuite>
